{"level":"error","message":"Invalid token provided.","timestamp":"2017-07-26T20:45:08.483Z"}
{"level":"error","message":"Invalid token provided.","timestamp":"2017-07-26T20:45:22.671Z"}
{"level":"error","message":"Invalid token provided.","timestamp":"2017-07-26T20:45:34.694Z"}
{"level":"error","message":"Invalid token provided.","timestamp":"2017-08-01T05:54:23.746Z"}
{"message":"A pipeline stage specification object must contain exactly one field.","name":"MongoError","stack":"MongoError: A pipeline stage specification object must contain exactly one field.\n    at Function.MongoError.create (/home/jaydeepvaghela/Philosophi/Philosopher/node_modules/mongodb/node_modules/mongodb-core/lib/error.js:31:11)\n    at commandCallback (/home/jaydeepvaghela/Philosophi/Philosopher/node_modules/mongodb/node_modules/mongodb-core/lib/topologies/server.js:929:66)\n    at Callbacks.emit (/home/jaydeepvaghela/Philosophi/Philosopher/node_modules/mongodb/node_modules/mongodb-core/lib/topologies/server.js:116:3)\n    at null.messageHandler (/home/jaydeepvaghela/Philosophi/Philosopher/node_modules/mongodb/node_modules/mongodb-core/lib/topologies/server.js:282:23)\n    at Socket.<anonymous> (/home/jaydeepvaghela/Philosophi/Philosopher/node_modules/mongodb/node_modules/mongodb-core/lib/connection/connection.js:273:22)\n    at emitOne (events.js:77:13)\n    at Socket.emit (events.js:169:7)\n    at readableAddChunk (_stream_readable.js:153:18)\n    at Socket.Readable.push (_stream_readable.js:111:10)\n    at TCP.onread (net.js:537:20)","ok":0,"errmsg":"A pipeline stage specification object must contain exactly one field.","code":16435,"level":"error","timestamp":"2017-08-02T06:17:04.972Z"}
{"message":"Argument to $skip must be a number not a NULL","name":"MongoError","stack":"MongoError: Argument to $skip must be a number not a NULL\n    at Function.MongoError.create (/home/jaydeepvaghela/Philosophi/Philosopher/node_modules/mongodb/node_modules/mongodb-core/lib/error.js:31:11)\n    at commandCallback (/home/jaydeepvaghela/Philosophi/Philosopher/node_modules/mongodb/node_modules/mongodb-core/lib/topologies/server.js:929:66)\n    at Callbacks.emit (/home/jaydeepvaghela/Philosophi/Philosopher/node_modules/mongodb/node_modules/mongodb-core/lib/topologies/server.js:116:3)\n    at null.messageHandler (/home/jaydeepvaghela/Philosophi/Philosopher/node_modules/mongodb/node_modules/mongodb-core/lib/topologies/server.js:282:23)\n    at Socket.<anonymous> (/home/jaydeepvaghela/Philosophi/Philosopher/node_modules/mongodb/node_modules/mongodb-core/lib/connection/connection.js:273:22)\n    at emitOne (events.js:77:13)\n    at Socket.emit (events.js:169:7)\n    at readableAddChunk (_stream_readable.js:153:18)\n    at Socket.Readable.push (_stream_readable.js:111:10)\n    at TCP.onread (net.js:537:20)","ok":0,"errmsg":"Argument to $skip must be a number not a NULL","code":15972,"level":"error","timestamp":"2017-08-02T06:20:22.106Z"}
{"level":"error","message":"Invalid token provided.","timestamp":"2017-08-02T18:57:31.844Z"}
{"level":"error","message":"Invalid token provided.","timestamp":"2017-08-02T18:57:36.938Z"}
{"level":"error","message":"Invalid token provided.","timestamp":"2017-08-02T18:57:47.957Z"}
{"level":"error","message":"Invalid token provided.","timestamp":"2017-08-02T18:57:53.743Z"}
{"level":"error","message":"Not Found. Accessing route - /upload","timestamp":"2017-08-02T18:59:09.871Z"}
{"message":"Cannot read property 'toLowerCase' of undefined","stack":"TypeError: Cannot read property 'toLowerCase' of undefined\n    at /home/jaydeepvaghela/Philosophi/Philosopher/lib/query.js:42:48\n    at /home/jaydeepvaghela/Philosophi/Philosopher/node_modules/lodash/lodash.js:4944:15\n    at baseForOwn (/home/jaydeepvaghela/Philosophi/Philosopher/node_modules/lodash/lodash.js:3001:24)\n    at /home/jaydeepvaghela/Philosophi/Philosopher/node_modules/lodash/lodash.js:4913:18\n    at Function.forEach (/home/jaydeepvaghela/Philosophi/Philosopher/node_modules/lodash/lodash.js:9359:14)\n    at _filter (/home/jaydeepvaghela/Philosophi/Philosopher/lib/query.js:32:11)\n    at Layer.handle [as handle_request] (/home/jaydeepvaghela/Philosophi/Philosopher/node_modules/express/lib/router/layer.js:95:5)\n    at next (/home/jaydeepvaghela/Philosophi/Philosopher/node_modules/express/lib/router/route.js:131:13)\n    at Route.dispatch (/home/jaydeepvaghela/Philosophi/Philosopher/node_modules/express/lib/router/route.js:112:3)\n    at Layer.handle [as handle_request] (/home/jaydeepvaghela/Philosophi/Philosopher/node_modules/express/lib/router/layer.js:95:5)","level":"error","timestamp":"2017-08-13T19:04:18.722Z"}
{"message":"v.split is not a function","stack":"TypeError: v.split is not a function\n    at /home/jaydeepvaghela/Philosophi/Philosopher/lib/query.js:37:34\n    at /home/jaydeepvaghela/Philosophi/Philosopher/node_modules/lodash/lodash.js:4944:15\n    at baseForOwn (/home/jaydeepvaghela/Philosophi/Philosopher/node_modules/lodash/lodash.js:3001:24)\n    at /home/jaydeepvaghela/Philosophi/Philosopher/node_modules/lodash/lodash.js:4913:18\n    at Function.forEach (/home/jaydeepvaghela/Philosophi/Philosopher/node_modules/lodash/lodash.js:9359:14)\n    at _filter (/home/jaydeepvaghela/Philosophi/Philosopher/lib/query.js:32:11)\n    at Layer.handle [as handle_request] (/home/jaydeepvaghela/Philosophi/Philosopher/node_modules/express/lib/router/layer.js:95:5)\n    at next (/home/jaydeepvaghela/Philosophi/Philosopher/node_modules/express/lib/router/route.js:131:13)\n    at Route.dispatch (/home/jaydeepvaghela/Philosophi/Philosopher/node_modules/express/lib/router/route.js:112:3)\n    at Layer.handle [as handle_request] (/home/jaydeepvaghela/Philosophi/Philosopher/node_modules/express/lib/router/layer.js:95:5)","level":"error","timestamp":"2017-08-13T19:16:14.618Z"}
{"level":"error","message":"Invalid token provided.","timestamp":"2017-08-15T07:49:14.230Z"}
{"level":"error","message":"Not Found. Accessing route - /philosophies/poll/5992a82a03ba74435cba9f82/22","timestamp":"2017-08-16T00:02:25.882Z"}
{"level":"error","message":"No token provided.","timestamp":"2017-08-16T07:35:56.041Z"}
{"level":"error","message":"Please provide valid answer key.","timestamp":"2017-08-17T06:28:18.015Z"}
{"level":"error","message":"Please provide valid answer key.","timestamp":"2017-08-17T06:28:19.429Z"}
{"level":"error","message":"Please provide valid answer key.","timestamp":"2017-08-17T06:28:20.163Z"}
{"level":"error","message":"Please provide valid answer key.","timestamp":"2017-08-17T06:28:20.673Z"}
{"level":"error","message":"Please provide valid answer key.","timestamp":"2017-08-17T06:28:21.264Z"}
{"level":"error","message":"Not Found. Accessing route - /users/596f96fe0c79300e6b864f43/change-password","timestamp":"2017-08-17T17:55:12.673Z"}
{"level":"error","message":"Not Found. Accessing route - /596f96fe0c79300e6b864f43/change-password","timestamp":"2017-08-17T17:55:27.094Z"}
{"level":"error","message":"Not Found. Accessing route - /596f96fe0c79300e6b864f43/change-password","timestamp":"2017-08-17T17:56:50.901Z"}
{"level":"error","message":"Not Found. Accessing route - /596f96fe0c79300e6b864f43/change-password","timestamp":"2017-08-17T17:57:12.202Z"}
{"level":"error","message":"Not Found. Accessing route - /changePassword","timestamp":"2017-08-17T17:58:42.403Z"}
{"level":"error","message":"Not Found. Accessing route - /596f96fe0c79300e6b864f43/change-password","timestamp":"2017-08-17T17:59:59.248Z"}
{"level":"error","message":"New Password & Confirm Password must be same.","timestamp":"2017-08-17T18:29:46.152Z"}
{"level":"error","message":"New Password & Confirm Password must be same.","timestamp":"2017-08-17T18:29:58.767Z"}
{"level":"error","message":"New Password & Confirm Password must be same.","timestamp":"2017-08-17T18:30:09.218Z"}
{"level":"error","message":"New Password & Confirm Password must be same.","timestamp":"2017-08-17T18:30:21.546Z"}
{"level":"error","message":"Change Password successfully.","timestamp":"2017-08-17T18:37:23.499Z"}
{"level":"error","message":"Change Password successfully.","timestamp":"2017-08-17T18:37:57.879Z"}
{"message":"data and hash arguments required","stack":"Error: data and hash arguments required\n    at /home/prachi/Phylosophers/RowDesign/node_modules/bcrypt/bcrypt.js:179:16\n    at doNTCallback0 (node.js:430:9)\n    at process._tickCallback (node.js:359:13)","level":"error","timestamp":"2017-08-17T18:51:56.689Z"}
{"level":"error","message":"Authentication failed. Wrong password.","timestamp":"2017-08-17T18:51:56.690Z"}
{"message":"data and hash arguments required","stack":"Error: data and hash arguments required\n    at /home/prachi/Phylosophers/RowDesign/node_modules/bcrypt/bcrypt.js:179:16\n    at doNTCallback0 (node.js:430:9)\n    at process._tickCallback (node.js:359:13)","level":"error","timestamp":"2017-08-17T18:52:15.491Z"}
{"level":"error","message":"Authentication failed. Wrong password.","timestamp":"2017-08-17T18:52:15.492Z"}
{"message":"data and hash arguments required","stack":"Error: data and hash arguments required\n    at /home/prachi/Phylosophers/RowDesign/node_modules/bcrypt/bcrypt.js:179:16\n    at doNTCallback0 (node.js:430:9)\n    at process._tickCallback (node.js:359:13)","level":"error","timestamp":"2017-08-17T18:54:30.921Z"}
{"level":"error","message":"Please provide valid answer key.","timestamp":"2017-08-22T14:38:49.187Z"}
{"level":"error","message":"Please provide valid answer key.","label":"upload/upload.js","timestamp":"2017-08-22T14:39:28.478Z"}
